# JRE version: OpenJDK Runtime Environment (21.0.5) (build 21.0.5+-12932927-b750.29)
# Java VM: OpenJDK 64-Bit Server VM (21.0.5+-12932927-b750.29, mixed mode, tiered, compressed oops, compressed class ptrs, g1 gc, windows-amd64)
GC Precious Log:
 CardTable entry size: 512
 Card Set container configuration: InlinePtr #cards 5 size 8 Array Of Cards #cards 12 size 40 Howl #buckets 4 coarsen threshold 1843 Howl Bitmap #cards 512 size 80 coarsen threshold 460 Card regions per heap region 1 cards per card region 2048
 CPUs: 8 total, 8 available
 Memory: 15307M
 Large Page Support: Disabled
 NUMA Support: Disabled
 Compressed Oops: Enabled (32-bit)
 Heap Region Size: 1M
 Heap Min Capacity: 8M
 Heap Initial Capacity: 240M
 Heap Max Capacity: 2G
 Pre-touch: Disabled
 Parallel Workers: 8
 Concurrent Workers: 2
 Concurrent Refinement Workers: 8
 Periodic GC: Disabled
Heap:
 garbage-first heap   total 336896K, used 233309K [0x0000000080000000, 0x0000000100000000)
  region size 1024K, 47 young (48128K), 11 survivors (11264K)
 Metaspace       used 174193K, committed 176768K, reserved 1245184K
  class space    used 22803K, committed 24128K, reserved 1048576K
GC Heap History (20 events):
Event: 272.398 GC heap before
{Heap before GC invocations=66 (full 0):
 garbage-first heap   total 300032K, used 269965K [0x0000000080000000, 0x0000000100000000)
  region size 1024K, 117 young (119808K), 9 survivors (9216K)
 Metaspace       used 161140K, committed 163584K, reserved 1245184K
  class space    used 21050K, committed 22272K, reserved 1048576K
}
Event: 272.422 GC heap after
{Heap after GC invocations=67 (full 0):
 garbage-first heap   total 300032K, used 168930K [0x0000000080000000, 0x0000000100000000)
  region size 1024K, 15 young (15360K), 15 survivors (15360K)
 Metaspace       used 161140K, committed 163584K, reserved 1245184K
  class space    used 21050K, committed 22272K, reserved 1048576K
}
Event: 274.084 GC heap before
{Heap before GC invocations=67 (full 0):
 garbage-first heap   total 300032K, used 267234K [0x0000000080000000, 0x0000000100000000)
  region size 1024K, 112 young (114688K), 15 survivors (15360K)
 Metaspace       used 168733K, committed 171328K, reserved 1245184K
  class space    used 22172K, committed 23488K, reserved 1048576K
}
Event: 274.106 GC heap after
{Heap after GC invocations=68 (full 0):
 garbage-first heap   total 300032K, used 165477K [0x0000000080000000, 0x0000000100000000)
  region size 1024K, 4 young (4096K), 4 survivors (4096K)
 Metaspace       used 168733K, committed 171328K, reserved 1245184K
  class space    used 22172K, committed 23488K, reserved 1048576K
}
Event: 274.469 GC heap before
{Heap before GC invocations=68 (full 0):
 garbage-first heap   total 300032K, used 188005K [0x0000000080000000, 0x0000000100000000)
  region size 1024K, 28 young (28672K), 4 survivors (4096K)
 Metaspace       used 169049K, committed 171584K, reserved 1245184K
  class space    used 22207K, committed 23488K, reserved 1048576K
}
Event: 274.476 GC heap after
{Heap after GC invocations=69 (full 0):
 garbage-first heap   total 300032K, used 165346K [0x0000000080000000, 0x0000000100000000)
  region size 1024K, 4 young (4096K), 4 survivors (4096K)
 Metaspace       used 169049K, committed 171584K, reserved 1245184K
  class space    used 22207K, committed 23488K, reserved 1048576K
}
Event: 276.949 GC heap before
{Heap before GC invocations=70 (full 0):
 garbage-first heap   total 320512K, used 318946K [0x0000000080000000, 0x0000000100000000)
  region size 1024K, 89 young (91136K), 4 survivors (4096K)
 Metaspace       used 172037K, committed 174592K, reserved 1245184K
  class space    used 22708K, committed 24000K, reserved 1048576K
}
Event: 276.958 GC heap after
{Heap after GC invocations=71 (full 0):
 garbage-first heap   total 323584K, used 164482K [0x0000000080000000, 0x0000000100000000)
  region size 1024K, 3 young (3072K), 3 survivors (3072K)
 Metaspace       used 172037K, committed 174592K, reserved 1245184K
  class space    used 22708K, committed 24000K, reserved 1048576K
}
Event: 1004.100 GC heap before
{Heap before GC invocations=71 (full 0):
 garbage-first heap   total 323584K, used 301698K [0x0000000080000000, 0x0000000100000000)
  region size 1024K, 135 young (138240K), 3 survivors (3072K)
 Metaspace       used 172432K, committed 174976K, reserved 1245184K
  class space    used 22722K, committed 24000K, reserved 1048576K
}
Event: 1004.134 GC heap after
{Heap after GC invocations=72 (full 0):
 garbage-first heap   total 323584K, used 176922K [0x0000000080000000, 0x0000000100000000)
  region size 1024K, 16 young (16384K), 16 survivors (16384K)
 Metaspace       used 172432K, committed 174976K, reserved 1245184K
  class space    used 22722K, committed 24000K, reserved 1048576K
}
Event: 1005.994 GC heap before
{Heap before GC invocations=72 (full 0):
 garbage-first heap   total 323584K, used 226074K [0x0000000080000000, 0x0000000100000000)
  region size 1024K, 66 young (67584K), 16 survivors (16384K)
 Metaspace       used 173003K, committed 175552K, reserved 1245184K
  class space    used 22752K, committed 24064K, reserved 1048576K
}
Event: 1006.030 GC heap after
{Heap after GC invocations=73 (full 0):
 garbage-first heap   total 323584K, used 198626K [0x0000000080000000, 0x0000000100000000)
  region size 1024K, 16 young (16384K), 16 survivors (16384K)
 Metaspace       used 173003K, committed 175552K, reserved 1245184K
  class space    used 22752K, committed 24064K, reserved 1048576K
}
Event: 1012.839 GC heap before
{Heap before GC invocations=74 (full 0):
 garbage-first heap   total 336896K, used 292834K [0x0000000080000000, 0x0000000100000000)
  region size 1024K, 84 young (86016K), 16 survivors (16384K)
 Metaspace       used 173142K, committed 175744K, reserved 1245184K
  class space    used 22756K, committed 24064K, reserved 1048576K
}
Event: 1012.883 GC heap after
{Heap after GC invocations=75 (full 0):
 garbage-first heap   total 336896K, used 209092K [0x0000000080000000, 0x0000000100000000)
  region size 1024K, 10 young (10240K), 10 survivors (10240K)
 Metaspace       used 173142K, committed 175744K, reserved 1245184K
  class space    used 22756K, committed 24064K, reserved 1048576K
}
Event: 1019.824 GC heap before
{Heap before GC invocations=75 (full 0):
 garbage-first heap   total 336896K, used 288964K [0x0000000080000000, 0x0000000100000000)
  region size 1024K, 83 young (84992K), 10 survivors (10240K)
 Metaspace       used 173276K, committed 175872K, reserved 1245184K
  class space    used 22759K, committed 24064K, reserved 1048576K
}
Event: 1019.841 GC heap after
{Heap after GC invocations=76 (full 0):
 garbage-first heap   total 336896K, used 205178K [0x0000000080000000, 0x0000000100000000)
  region size 1024K, 4 young (4096K), 4 survivors (4096K)
 Metaspace       used 173276K, committed 175872K, reserved 1245184K
  class space    used 22759K, committed 24064K, reserved 1048576K
}
Event: 1020.434 GC heap before
{Heap before GC invocations=76 (full 0):
 garbage-first heap   total 336896K, used 214394K [0x0000000080000000, 0x0000000100000000)
  region size 1024K, 14 young (14336K), 4 survivors (4096K)
 Metaspace       used 173285K, committed 175872K, reserved 1245184K
  class space    used 22759K, committed 24064K, reserved 1048576K
}
Event: 1020.440 GC heap after
{Heap after GC invocations=77 (full 0):
 garbage-first heap   total 336896K, used 207679K [0x0000000080000000, 0x0000000100000000)
  region size 1024K, 7 young (7168K), 7 survivors (7168K)
 Metaspace       used 173285K, committed 175872K, reserved 1245184K
  class space    used 22759K, committed 24064K, reserved 1048576K
}
Event: 1028.611 GC heap before
{Heap before GC invocations=78 (full 0):
 garbage-first heap   total 336896K, used 269119K [0x0000000080000000, 0x0000000100000000)
  region size 1024K, 81 young (82944K), 7 survivors (7168K)
 Metaspace       used 173907K, committed 176448K, reserved 1245184K
  class space    used 22802K, committed 24128K, reserved 1048576K
}
Event: 1028.627 GC heap after
{Heap after GC invocations=79 (full 0):
 garbage-first heap   total 336896K, used 198493K [0x0000000080000000, 0x0000000100000000)
  region size 1024K, 11 young (11264K), 11 survivors (11264K)
 Metaspace       used 173907K, committed 176448K, reserved 1245184K
  class space    used 22802K, committed 24128K, reserved 1048576K
}

