# JRE version: OpenJDK Runtime Environment (21.0.5) (build 21.0.5+-12932927-b750.29)
# Java VM: OpenJDK 64-Bit Server VM (21.0.5+-12932927-b750.29, mixed mode, tiered, compressed oops, compressed class ptrs, g1 gc, windows-amd64)
GC Precious Log:
 CardTable entry size: 512
 Card Set container configuration: InlinePtr #cards 5 size 8 Array Of Cards #cards 12 size 40 Howl #buckets 4 coarsen threshold 1843 Howl Bitmap #cards 512 size 80 coarsen threshold 460 Card regions per heap region 1 cards per card region 2048
 CPUs: 8 total, 8 available
 Memory: 15307M
 Large Page Support: Disabled
 NUMA Support: Disabled
 Compressed Oops: Enabled (32-bit)
 Heap Region Size: 1M
 Heap Min Capacity: 8M
 Heap Initial Capacity: 240M
 Heap Max Capacity: 2G
 Pre-touch: Disabled
 Parallel Workers: 8
 Concurrent Workers: 2
 Concurrent Refinement Workers: 8
 Periodic GC: Disabled
Heap:
 garbage-first heap   total 233472K, used 151301K [0x0000000080000000, 0x0000000100000000)
  region size 1024K, 10 young (10240K), 5 survivors (5120K)
 Metaspace       used 119068K, committed 121280K, reserved 1179648K
  class space    used 15986K, committed 17088K, reserved 1048576K
GC Heap History (20 events):
Event: 54.564 GC heap before
{Heap before GC invocations=42 (full 0):
 garbage-first heap   total 160768K, used 146432K [0x0000000080000000, 0x0000000100000000)
  region size 1024K, 51 young (52224K), 4 survivors (4096K)
 Metaspace       used 99484K, committed 101568K, reserved 1179648K
  class space    used 13447K, committed 14528K, reserved 1048576K
}
Event: 54.574 GC heap after
{Heap after GC invocations=43 (full 0):
 garbage-first heap   total 160768K, used 102177K [0x0000000080000000, 0x0000000100000000)
  region size 1024K, 7 young (7168K), 7 survivors (7168K)
 Metaspace       used 99484K, committed 101568K, reserved 1179648K
  class space    used 13447K, committed 14528K, reserved 1048576K
}
Event: 55.928 GC heap before
{Heap before GC invocations=44 (full 0):
 garbage-first heap   total 171008K, used 144161K [0x0000000080000000, 0x0000000100000000)
  region size 1024K, 48 young (49152K), 7 survivors (7168K)
 Metaspace       used 101653K, committed 103808K, reserved 1179648K
  class space    used 13798K, committed 14912K, reserved 1048576K
}
Event: 55.939 GC heap after
{Heap after GC invocations=45 (full 0):
 garbage-first heap   total 171008K, used 105609K [0x0000000080000000, 0x0000000100000000)
  region size 1024K, 4 young (4096K), 4 survivors (4096K)
 Metaspace       used 101653K, committed 103808K, reserved 1179648K
  class space    used 13798K, committed 14912K, reserved 1048576K
}
Event: 57.645 GC heap before
{Heap before GC invocations=45 (full 0):
 garbage-first heap   total 171008K, used 155785K [0x0000000080000000, 0x0000000100000000)
  region size 1024K, 53 young (54272K), 4 survivors (4096K)
 Metaspace       used 106431K, committed 108672K, reserved 1179648K
  class space    used 14489K, committed 15616K, reserved 1048576K
}
Event: 57.656 GC heap after
{Heap after GC invocations=46 (full 0):
 garbage-first heap   total 171008K, used 106762K [0x0000000080000000, 0x0000000100000000)
  region size 1024K, 6 young (6144K), 6 survivors (6144K)
 Metaspace       used 106431K, committed 108672K, reserved 1179648K
  class space    used 14489K, committed 15616K, reserved 1048576K
}
Event: 59.057 GC heap before
{Heap before GC invocations=46 (full 0):
 garbage-first heap   total 171008K, used 154890K [0x0000000080000000, 0x0000000100000000)
  region size 1024K, 53 young (54272K), 6 survivors (6144K)
 Metaspace       used 109109K, committed 111360K, reserved 1179648K
  class space    used 14836K, committed 16000K, reserved 1048576K
}
Event: 59.069 GC heap after
{Heap after GC invocations=47 (full 0):
 garbage-first heap   total 171008K, used 111019K [0x0000000080000000, 0x0000000100000000)
  region size 1024K, 7 young (7168K), 7 survivors (7168K)
 Metaspace       used 109109K, committed 111360K, reserved 1179648K
  class space    used 14836K, committed 16000K, reserved 1048576K
}
Event: 65.543 GC heap before
{Heap before GC invocations=48 (full 0):
 garbage-first heap   total 186368K, used 151979K [0x0000000080000000, 0x0000000100000000)
  region size 1024K, 48 young (49152K), 7 survivors (7168K)
 Metaspace       used 111228K, committed 113472K, reserved 1179648K
  class space    used 15163K, committed 16320K, reserved 1048576K
}
Event: 65.561 GC heap after
{Heap after GC invocations=49 (full 0):
 garbage-first heap   total 186368K, used 116674K [0x0000000080000000, 0x0000000100000000)
  region size 1024K, 6 young (6144K), 6 survivors (6144K)
 Metaspace       used 111228K, committed 113472K, reserved 1179648K
  class space    used 15163K, committed 16320K, reserved 1048576K
}
Event: 66.428 GC heap before
{Heap before GC invocations=49 (full 0):
 garbage-first heap   total 186368K, used 168898K [0x0000000080000000, 0x0000000100000000)
  region size 1024K, 58 young (59392K), 6 survivors (6144K)
 Metaspace       used 111240K, committed 113472K, reserved 1179648K
  class space    used 15163K, committed 16320K, reserved 1048576K
}
Event: 66.438 GC heap after
{Heap after GC invocations=50 (full 0):
 garbage-first heap   total 186368K, used 117591K [0x0000000080000000, 0x0000000100000000)
  region size 1024K, 4 young (4096K), 4 survivors (4096K)
 Metaspace       used 111240K, committed 113472K, reserved 1179648K
  class space    used 15163K, committed 16320K, reserved 1048576K
}
Event: 72.276 GC heap before
{Heap before GC invocations=50 (full 0):
 garbage-first heap   total 186368K, used 141143K [0x0000000080000000, 0x0000000100000000)
  region size 1024K, 29 young (29696K), 4 survivors (4096K)
 Metaspace       used 111792K, committed 113984K, reserved 1179648K
  class space    used 15277K, committed 16384K, reserved 1048576K
}
Event: 72.282 GC heap after
{Heap after GC invocations=51 (full 0):
 garbage-first heap   total 186368K, used 119983K [0x0000000080000000, 0x0000000100000000)
  region size 1024K, 7 young (7168K), 7 survivors (7168K)
 Metaspace       used 111792K, committed 113984K, reserved 1179648K
  class space    used 15277K, committed 16384K, reserved 1048576K
}
Event: 74.044 GC heap before
{Heap before GC invocations=52 (full 0):
 garbage-first heap   total 209920K, used 174255K [0x0000000080000000, 0x0000000100000000)
  region size 1024K, 53 young (54272K), 7 survivors (7168K)
 Metaspace       used 114746K, committed 116992K, reserved 1179648K
  class space    used 15526K, committed 16704K, reserved 1048576K
}
Event: 74.067 GC heap after
{Heap after GC invocations=53 (full 0):
 garbage-first heap   total 209920K, used 139503K [0x0000000080000000, 0x0000000100000000)
  region size 1024K, 7 young (7168K), 7 survivors (7168K)
 Metaspace       used 114746K, committed 116992K, reserved 1179648K
  class space    used 15526K, committed 16704K, reserved 1048576K
}
Event: 75.912 GC heap before
{Heap before GC invocations=53 (full 0):
 garbage-first heap   total 209920K, used 204015K [0x0000000080000000, 0x0000000100000000)
  region size 1024K, 46 young (47104K), 7 survivors (7168K)
 Metaspace       used 116532K, committed 118720K, reserved 1179648K
  class space    used 15712K, committed 16832K, reserved 1048576K
}
Event: 75.928 GC heap after
{Heap after GC invocations=54 (full 0):
 garbage-first heap   total 219136K, used 143001K [0x0000000080000000, 0x0000000100000000)
  region size 1024K, 4 young (4096K), 4 survivors (4096K)
 Metaspace       used 116532K, committed 118720K, reserved 1179648K
  class space    used 15712K, committed 16832K, reserved 1048576K
}
Event: 77.223 GC heap before
{Heap before GC invocations=54 (full 0):
 garbage-first heap   total 219136K, used 190105K [0x0000000080000000, 0x0000000100000000)
  region size 1024K, 51 young (52224K), 4 survivors (4096K)
 Metaspace       used 118730K, committed 120960K, reserved 1179648K
  class space    used 15950K, committed 17088K, reserved 1048576K
}
Event: 77.233 GC heap after
{Heap after GC invocations=55 (full 0):
 garbage-first heap   total 219136K, used 148229K [0x0000000080000000, 0x0000000100000000)
  region size 1024K, 5 young (5120K), 5 survivors (5120K)
 Metaspace       used 118730K, committed 120960K, reserved 1179648K
  class space    used 15950K, committed 17088K, reserved 1048576K
}

